# JRE version: OpenJDK Runtime Environment (11.0.10) (build 11.0.10+0-b96-7249189)
# Java VM: OpenJDK 64-Bit Server VM (11.0.10+0-b96-7249189, mixed mode, tiered, compressed oops, g1 gc, windows-amd64)
Heap:
 garbage-first heap   total 377856K, used 315675K [0x0000000080000000, 0x0000000100000000)
  region size 1024K, 195 young (199680K), 22 survivors (22528K)
 Metaspace       used 112605K, capacity 115505K, committed 115984K, reserved 1150976K
  class space    used 14111K, capacity 15179K, committed 15512K, reserved 1048576K
GC Heap History (20 events):
Event: 25.121 GC heap before
{Heap before GC invocations=35 (full 0):
 garbage-first heap   total 227328K, used 176622K [0x0000000080000000, 0x0000000100000000)
  region size 1024K, 74 young (75776K), 5 survivors (5120K)
 Metaspace       used 108459K, capacity 111241K, committed 112144K, reserved 1146880K
  class space    used 13843K, capacity 14871K, committed 15256K, reserved 1048576K
}
Event: 25.134 GC heap after
{Heap after GC invocations=36 (full 0):
 garbage-first heap   total 227328K, used 107301K [0x0000000080000000, 0x0000000100000000)
  region size 1024K, 5 young (5120K), 5 survivors (5120K)
 Metaspace       used 108459K, capacity 111241K, committed 112144K, reserved 1146880K
  class space    used 13843K, capacity 14871K, committed 15256K, reserved 1048576K
}
Event: 25.371 GC heap before
{Heap before GC invocations=37 (full 0):
 garbage-first heap   total 227328K, used 181029K [0x0000000080000000, 0x0000000100000000)
  region size 1024K, 77 young (78848K), 5 survivors (5120K)
 Metaspace       used 108608K, capacity 111348K, committed 112144K, reserved 1146880K
  class space    used 13854K, capacity 14884K, committed 15256K, reserved 1048576K
}
Event: 25.378 GC heap after
{Heap after GC invocations=38 (full 0):
 garbage-first heap   total 227328K, used 107453K [0x0000000080000000, 0x0000000100000000)
  region size 1024K, 5 young (5120K), 5 survivors (5120K)
 Metaspace       used 108608K, capacity 111348K, committed 112144K, reserved 1146880K
  class space    used 13854K, capacity 14884K, committed 15256K, reserved 1048576K
}
Event: 25.389 GC heap before
{Heap before GC invocations=38 (full 0):
 garbage-first heap   total 227328K, used 113597K [0x0000000080000000, 0x0000000100000000)
  region size 1024K, 11 young (11264K), 5 survivors (5120K)
 Metaspace       used 108627K, capacity 111412K, committed 112400K, reserved 1146880K
  class space    used 13854K, capacity 14884K, committed 15256K, reserved 1048576K
}
Event: 25.398 GC heap after
{Heap after GC invocations=39 (full 0):
 garbage-first heap   total 314368K, used 105813K [0x0000000080000000, 0x0000000100000000)
  region size 1024K, 2 young (2048K), 2 survivors (2048K)
 Metaspace       used 108627K, capacity 111412K, committed 112400K, reserved 1146880K
  class space    used 13854K, capacity 14884K, committed 15256K, reserved 1048576K
}
Event: 25.635 GC heap before
{Heap before GC invocations=39 (full 0):
 garbage-first heap   total 314368K, used 231765K [0x0000000080000000, 0x0000000100000000)
  region size 1024K, 126 young (129024K), 2 survivors (2048K)
 Metaspace       used 108836K, capacity 111621K, committed 112400K, reserved 1146880K
  class space    used 13856K, capacity 14887K, committed 15256K, reserved 1048576K
}
Event: 25.640 GC heap after
{Heap after GC invocations=40 (full 0):
 garbage-first heap   total 314368K, used 106026K [0x0000000080000000, 0x0000000100000000)
  region size 1024K, 2 young (2048K), 2 survivors (2048K)
 Metaspace       used 108836K, capacity 111621K, committed 112400K, reserved 1146880K
  class space    used 13856K, capacity 14887K, committed 15256K, reserved 1048576K
}
Event: 25.881 GC heap before
{Heap before GC invocations=40 (full 0):
 garbage-first heap   total 314368K, used 257578K [0x0000000080000000, 0x0000000100000000)
  region size 1024K, 150 young (153600K), 2 survivors (2048K)
 Metaspace       used 109153K, capacity 111906K, committed 112656K, reserved 1146880K
  class space    used 13862K, capacity 14891K, committed 15256K, reserved 1048576K
}
Event: 25.884 GC heap after
{Heap after GC invocations=41 (full 0):
 garbage-first heap   total 314368K, used 106684K [0x0000000080000000, 0x0000000100000000)
  region size 1024K, 3 young (3072K), 3 survivors (3072K)
 Metaspace       used 109153K, capacity 111906K, committed 112656K, reserved 1146880K
  class space    used 13862K, capacity 14891K, committed 15256K, reserved 1048576K
}
Event: 26.159 GC heap before
{Heap before GC invocations=41 (full 0):
 garbage-first heap   total 314368K, used 261308K [0x0000000080000000, 0x0000000100000000)
  region size 1024K, 154 young (157696K), 3 survivors (3072K)
 Metaspace       used 109592K, capacity 112350K, committed 113168K, reserved 1146880K
  class space    used 13865K, capacity 14895K, committed 15256K, reserved 1048576K
}
Event: 26.163 GC heap after
{Heap after GC invocations=42 (full 0):
 garbage-first heap   total 314368K, used 106845K [0x0000000080000000, 0x0000000100000000)
  region size 1024K, 3 young (3072K), 3 survivors (3072K)
 Metaspace       used 109592K, capacity 112350K, committed 113168K, reserved 1146880K
  class space    used 13865K, capacity 14895K, committed 15256K, reserved 1048576K
}
Event: 26.551 GC heap before
{Heap before GC invocations=42 (full 0):
 garbage-first heap   total 314368K, used 266589K [0x0000000080000000, 0x0000000100000000)
  region size 1024K, 159 young (162816K), 3 survivors (3072K)
 Metaspace       used 109749K, capacity 112547K, committed 113424K, reserved 1146880K
  class space    used 13871K, capacity 14895K, committed 15256K, reserved 1048576K
}
Event: 26.556 GC heap after
{Heap after GC invocations=43 (full 0):
 garbage-first heap   total 314368K, used 107694K [0x0000000080000000, 0x0000000100000000)
  region size 1024K, 4 young (4096K), 4 survivors (4096K)
 Metaspace       used 109749K, capacity 112547K, committed 113424K, reserved 1146880K
  class space    used 13871K, capacity 14895K, committed 15256K, reserved 1048576K
}
Event: 27.014 GC heap before
{Heap before GC invocations=43 (full 0):
 garbage-first heap   total 314368K, used 269486K [0x0000000080000000, 0x0000000100000000)
  region size 1024K, 161 young (164864K), 4 survivors (4096K)
 Metaspace       used 109963K, capacity 112722K, committed 113424K, reserved 1146880K
  class space    used 13871K, capacity 14895K, committed 15256K, reserved 1048576K
}
Event: 27.021 GC heap after
{Heap after GC invocations=44 (full 0):
 garbage-first heap   total 314368K, used 110340K [0x0000000080000000, 0x0000000100000000)
  region size 1024K, 5 young (5120K), 5 survivors (5120K)
 Metaspace       used 109963K, capacity 112722K, committed 113424K, reserved 1146880K
  class space    used 13871K, capacity 14895K, committed 15256K, reserved 1048576K
}
Event: 27.408 GC heap before
{Heap before GC invocations=44 (full 0):
 garbage-first heap   total 314368K, used 271108K [0x0000000080000000, 0x0000000100000000)
  region size 1024K, 162 young (165888K), 5 survivors (5120K)
 Metaspace       used 110009K, capacity 112793K, committed 113424K, reserved 1146880K
  class space    used 13871K, capacity 14896K, committed 15256K, reserved 1048576K
}
Event: 27.415 GC heap after
{Heap after GC invocations=45 (full 0):
 garbage-first heap   total 377856K, used 108442K [0x0000000080000000, 0x0000000100000000)
  region size 1024K, 4 young (4096K), 4 survivors (4096K)
 Metaspace       used 110009K, capacity 112793K, committed 113424K, reserved 1146880K
  class space    used 13871K, capacity 14896K, committed 15256K, reserved 1048576K
}
Event: 28.387 GC heap before
{Heap before GC invocations=45 (full 0):
 garbage-first heap   total 377856K, used 332698K [0x0000000080000000, 0x0000000100000000)
  region size 1024K, 216 young (221184K), 4 survivors (4096K)
 Metaspace       used 111619K, capacity 114432K, committed 114832K, reserved 1148928K
  class space    used 14040K, capacity 15082K, committed 15384K, reserved 1048576K
}
Event: 28.408 GC heap after
{Heap after GC invocations=46 (full 0):
 garbage-first heap   total 377856K, used 130331K [0x0000000080000000, 0x0000000100000000)
  region size 1024K, 22 young (22528K), 22 survivors (22528K)
 Metaspace       used 111619K, capacity 114432K, committed 114832K, reserved 1148928K
  class space    used 14040K, capacity 15082K, committed 15384K, reserved 1048576K
}

